<?xml version="1.0" encoding="UTF-8"?>
<testng-results skipped="0" failed="0" ignored="0" total="1" passed="1">
  <reporter-output>
  </reporter-output>
  <suite name="Default suite" duration-ms="23177" started-at="2020-07-30T07:42:28Z" finished-at="2020-07-30T07:42:51Z">
    <groups>
    </groups>
    <test name="Default test" duration-ms="23177" started-at="2020-07-30T07:42:28Z" finished-at="2020-07-30T07:42:51Z">
      <class name="com.crm.qa.testcases.AmazonLoginPageTest">
        <test-method status="PASS" signature="setUp()[pri:0, instance:com.crm.qa.testcases.AmazonLoginPageTest@55a561cf]" name="setUp" is-config="true" duration-ms="14020" started-at="2020-07-30T13:12:28Z" finished-at="2020-07-30T13:12:42Z">
          <reporter-output>
          </reporter-output>
        </test-method> <!-- setUp -->
        <test-method status="PASS" signature="loginTest()[pri:0, instance:com.crm.qa.testcases.AmazonLoginPageTest@55a561cf]" name="loginTest" duration-ms="8153" started-at="2020-07-30T13:12:42Z" finished-at="2020-07-30T13:12:50Z">
          <reporter-output>
          </reporter-output>
        </test-method> <!-- loginTest -->
        <test-method status="PASS" signature="tearDown()[pri:0, instance:com.crm.qa.testcases.AmazonLoginPageTest@55a561cf]" name="tearDown" is-config="true" duration-ms="972" started-at="2020-07-30T13:12:50Z" finished-at="2020-07-30T13:12:51Z">
          <reporter-output>
          </reporter-output>
        </test-method> <!-- tearDown -->
      </class> <!-- com.crm.qa.testcases.AmazonLoginPageTest -->
    </test> <!-- Default test -->
  </suite> <!-- Default suite -->
</testng-results>
